<?xml version="1.0" encoding="utf-8"?><testsuites name="pytest tests"><testsuite name="pytest" errors="0" failures="0" skipped="0" tests="23" time="4.658" timestamp="2026-08-17T00:56:06.694795+00:00" hostname="agent-env-d14a2da4-1bea-406a-9008-45f5f5e7c9ca"><testcase classname="backend.tests.test_verify_and_expiry.TestBulkRemoved" name="test_bulk_endpoint_returns_404" time="0.695" /><testcase classname="backend.tests.test_verify_and_expiry.TestExpiry" name="test_generate_with_1h_expiry" time="0.108" /><testcase classname="backend.tests.test_verify_and_expiry.TestExpiry" name="test_generate_with_short_expiry_then_expires" time="2.334" /><testcase classname="backend.tests.test_verify_and_expiry.TestExpiry" name="test_generate_without_expiry" time="0.100" /><testcase classname="backend.tests.test_verify_and_expiry.TestExpiry" name="test_generate_with_zero_expiry_treated_as_never" time="0.053" /><testcase classname="backend.tests.test_verify_and_expiry.TestExpiry" name="test_expiry_negative_422" time="0.052" /><testcase classname="backend.tests.test_verify_and_expiry.TestExpiry" name="test_expiry_over_5_years_422" time="0.048" /><testcase classname="backend.tests.test_verify_and_expiry.TestExpiry" name="test_signature_binding_differs_with_expiry" time="0.203" /><testcase classname="backend.tests.test_verify_and_expiry.TestExpiry" name="test_token_hash_correctness" time="0.055" /><testcase classname="backend.tests.test_verify_and_expiry.TestVerify" name="test_verify_tampered_token" time="0.106" /><testcase classname="backend.tests.test_verify_and_expiry.TestVerify" name="test_verify_missing_block" time="0.056" /><testcase classname="backend.tests.test_verify_and_expiry.TestVerify" name="test_verify_non_token_block" time="0.101" /><testcase classname="backend.tests.test_verify_and_expiry.TestRegression" name="test_status" time="0.065" /><testcase classname="backend.tests.test_verify_and_expiry.TestRegression" name="test_pubkey" time="0.049" /><testcase classname="backend.tests.test_verify_and_expiry.TestRegression" name="test_ledger" time="0.093" /><testcase classname="backend.tests.test_verify_and_expiry.TestRegression" name="test_get_random" time="0.060" /><testcase classname="backend.tests.test_verify_and_expiry.TestRegression" name="test_simulate_universe" time="0.054" /><testcase classname="backend.tests.test_verify_and_expiry.TestRegression" name="test_all_token_types[bearer]" time="0.050" /><testcase classname="backend.tests.test_verify_and_expiry.TestRegression" name="test_all_token_types[password]" time="0.056" /><testcase classname="backend.tests.test_verify_and_expiry.TestRegression" name="test_all_token_types[uuid]" time="0.055" /><testcase classname="backend.tests.test_verify_and_expiry.TestRegression" name="test_all_token_types[totp]" time="0.054" /><testcase classname="backend.tests.test_verify_and_expiry.TestRegression" name="test_all_token_types[otp]" time="0.052" /><testcase classname="backend.tests.test_verify_and_expiry.TestRegression" name="test_all_token_types[session]" time="0.062" /></testsuite></testsuites>