<?xml version="1.0" encoding="utf-8"?><testsuites name="pytest tests"><testsuite name="pytest" errors="0" failures="0" skipped="0" tests="23" time="1.878" timestamp="2026-08-17T00:44:49.123378+00:00" hostname="agent-env-d14a2da4-1bea-406a-9008-45f5f5e7c9ca"><testcase classname="backend.tests.test_verify_and_bulk.TestTokenBinding" name="test_bearer_has_hash_and_signature" time="0.301" /><testcase classname="backend.tests.test_verify_and_bulk.TestBulk" name="test_bulk_happy" time="0.064" /><testcase classname="backend.tests.test_verify_and_bulk.TestBulk" name="test_bulk_count_zero_422" time="0.060" /><testcase classname="backend.tests.test_verify_and_bulk.TestBulk" name="test_bulk_count_21_422" time="0.057" /><testcase classname="backend.tests.test_verify_and_bulk.TestBulk" name="test_bulk_missing_template_422" time="0.057" /><testcase classname="backend.tests.test_verify_and_bulk.TestVerify" name="test_verify_ok" time="0.119" /><testcase classname="backend.tests.test_verify_and_bulk.TestVerify" name="test_verify_tampered_token" time="0.114" /><testcase classname="backend.tests.test_verify_and_bulk.TestVerify" name="test_verify_non_token_block" time="0.056" /><testcase classname="backend.tests.test_verify_and_bulk.TestVerify" name="test_verify_get_random_block" time="0.120" /><testcase classname="backend.tests.test_verify_and_bulk.TestVerify" name="test_verify_missing_block" time="0.065" /><testcase classname="backend.tests.test_verify_and_bulk.TestVerify" name="test_verify_missing_token_422" time="0.056" /><testcase classname="backend.tests.test_verify_and_bulk.TestVerify" name="test_verify_negative_block_id" time="0.059" /><testcase classname="backend.tests.test_verify_and_bulk.TestRegression" name="test_status" time="0.060" /><testcase classname="backend.tests.test_verify_and_bulk.TestRegression" name="test_pubkey" time="0.055" /><testcase classname="backend.tests.test_verify_and_bulk.TestRegression" name="test_ledger" time="0.068" /><testcase classname="backend.tests.test_verify_and_bulk.TestRegression" name="test_get_random" time="0.057" /><testcase classname="backend.tests.test_verify_and_bulk.TestRegression" name="test_simulate_universe" time="0.060" /><testcase classname="backend.tests.test_verify_and_bulk.TestRegression" name="test_all_token_types[bearer]" time="0.060" /><testcase classname="backend.tests.test_verify_and_bulk.TestRegression" name="test_all_token_types[password]" time="0.060" /><testcase classname="backend.tests.test_verify_and_bulk.TestRegression" name="test_all_token_types[uuid]" time="0.061" /><testcase classname="backend.tests.test_verify_and_bulk.TestRegression" name="test_all_token_types[totp]" time="0.059" /><testcase classname="backend.tests.test_verify_and_bulk.TestRegression" name="test_all_token_types[otp]" time="0.059" /><testcase classname="backend.tests.test_verify_and_bulk.TestRegression" name="test_all_token_types[session]" time="0.060" /></testsuite></testsuites>