<?xml version="1.0" encoding="utf-8"?><testsuites name="pytest tests"><testsuite name="pytest" errors="0" failures="0" skipped="0" tests="12" time="1.128" timestamp="2026-08-17T00:33:18.831227+00:00" hostname="agent-env-d14a2da4-1bea-406a-9008-45f5f5e7c9ca"><testcase classname="backend.tests.test_chaoskey.TestIdentity" name="test_root" time="0.154" /><testcase classname="backend.tests.test_chaoskey.TestIdentity" name="test_pubkey" time="0.050" /><testcase classname="backend.tests.test_chaoskey.TestIdentity" name="test_status_basic" time="0.054" /><testcase classname="backend.tests.test_chaoskey.TestGetRandom" name="test_system_entropy_block" time="0.050" /><testcase classname="backend.tests.test_chaoskey.TestGetRandom" name="test_camera_with_diffs" time="0.119" /><testcase classname="backend.tests.test_chaoskey.TestGetRandom" name="test_camera_missing_diffs_falls_back" time="0.055" /><testcase classname="backend.tests.test_chaoskey.TestGetRandom" name="test_length_too_small" time="0.047" /><testcase classname="backend.tests.test_chaoskey.TestGetRandom" name="test_length_too_large" time="0.051" /><testcase classname="backend.tests.test_chaoskey.TestLedger" name="test_ledger_returns_blocks" time="0.108" /><testcase classname="backend.tests.test_chaoskey.TestLedger" name="test_ledger_sorted_desc" time="0.053" /><testcase classname="backend.tests.test_chaoskey.TestLedger" name="test_chain_integrity" time="0.109" /><testcase classname="backend.tests.test_chaoskey.TestUniverse" name="test_simulate_default" time="0.194" /></testsuite></testsuites>