<?xml version="1.0" encoding="utf-8"?><testsuites name="pytest tests"><testsuite name="pytest" errors="0" failures="0" skipped="0" tests="13" time="1.613" timestamp="2026-08-17T00:33:13.327765+00:00" hostname="agent-env-d14a2da4-1bea-406a-9008-45f5f5e7c9ca"><testcase classname="backend.tests.test_tokens.TestTokens" name="test_regression_status" time="0.299" /><testcase classname="backend.tests.test_tokens.TestTokens" name="test_regression_get_random" time="0.102" /><testcase classname="backend.tests.test_tokens.TestTokens" name="test_bearer_default" time="0.111" /><testcase classname="backend.tests.test_tokens.TestTokens" name="test_bearer_custom_prefix" time="0.058" /><testcase classname="backend.tests.test_tokens.TestTokens" name="test_password_length_and_charset" time="0.075" /><testcase classname="backend.tests.test_tokens.TestTokens" name="test_password_symbols_only" time="0.102" /><testcase classname="backend.tests.test_tokens.TestTokens" name="test_uuid_v4_format" time="0.104" /><testcase classname="backend.tests.test_tokens.TestTokens" name="test_totp_base32_and_uri" time="0.099" /><testcase classname="backend.tests.test_tokens.TestTokens" name="test_totp_issuer_url_encoded_with_spaces_and_plus" time="0.095" /><testcase classname="backend.tests.test_tokens.TestTokens" name="test_otp_numeric_padded" time="0.069" /><testcase classname="backend.tests.test_tokens.TestTokens" name="test_session_base64url" time="0.102" /><testcase classname="backend.tests.test_tokens.TestTokens" name="test_ledger_increments_and_context" time="0.250" /><testcase classname="backend.tests.test_tokens.TestTokens" name="test_invalid_type" time="0.059" /></testsuite></testsuites>